<?xml version="1.0" encoding="UTF-8"?>
<!-- Generated by org.testng.reporters.JUnitXMLReporter -->
<testsuite hostname="MHO-IT-DPI" ignored="2" name="Login" tests="2" failures="1" timestamp="2020-06-30T20:21:28 ICT" time="0.835" errors="0">
  <testcase name="loginAsUser" time="0.0" classname="testcase.LoginGit">
    <skipped/>
  </testcase> <!-- loginAsUser -->
  <testcase name="loginAsUser" time="0.0" classname="testcase.CreateGist">
    <failure type="org.testng.TestNGException" message="
Method public void testcase.CreateGist.loginAsUser(java.lang.String,java.lang.String) throws java.lang.InterruptedException requires a @DataProvider named : Data">
      <![CDATA[org.testng.TestNGException: 
Method public void testcase.CreateGist.loginAsUser(java.lang.String,java.lang.String) throws java.lang.InterruptedException requires a @DataProvider named : Data
at java.util.ArrayList.forEach(ArrayList.java:1257)
... Removed 24 stack frames]]>
    </failure>
  </testcase> <!-- loginAsUser -->
  <testcase name="@BeforeSuite setUp" time="0.0" classname="base.TestBase">
    <ignored/>
  </testcase> <!-- @BeforeSuite setUp -->
  <testcase name="@AfterSuite tearDown" time="0.0" classname="base.TestBase">
    <ignored/>
  </testcase> <!-- @AfterSuite tearDown -->
</testsuite> <!-- Login -->
